{
    "net_rx_bytes": 1131526254,
    "ram_used_pct": 59,
    "storage": [
        {
            "Used_Pct": 70.4,
            "Serial": "N/A",
            "DriveLetter": "C:",
            "Type": "SSD",
            "Model": "Local Fixed Disk",
            "Size": "261.2 GB"
        },
        {
            "Used_Pct": 5.9,
            "Serial": "N/A",
            "DriveLetter": "M:",
            "Type": "SSD",
            "Model": "Local Fixed Disk",
            "Size": "195.3 GB"
        }
    ],
    "peripherals": [
        {
            "Name": "HID-compliant consumer control device"
        },
        {
            "Name": "Intel(R) HID Event Filter"
        },
        {
            "Name": "HID-compliant wireless radio controls"
        },
        {
            "Name": "I2C HID Device"
        },
        {
            "Name": "USB Input Device"
        },
        {
            "Name": "HID Keyboard Device"
        },
        {
            "Name": "Generic USB Hub"
        },
        {
            "Name": "HID Button over Interrupt Driver"
        },
        {
            "Name": "Converted Portable Device Control device"
        },
        {
            "Name": "HID-compliant touch pad"
        },
        {
            "Name": "HID-compliant consumer control device"
        },
        {
            "Name": "Generic USB Hub"
        },
        {
            "Name": "USB Input Device"
        },
        {
            "Name": "HID-compliant wireless radio controls"
        },
        {
            "Name": "HID-compliant mouse"
        },
        {
            "Name": "Microsoft Input Configuration Device"
        },
        {
            "Name": "HID-compliant headset"
        },
        {
            "Name": "Standard PS/2 Keyboard"
        },
        {
            "Name": "HID Keyboard Device"
        },
        {
            "Name": "Bluetooth Low Energy GATT compliant HID device"
        },
        {
            "Name": "USB Input Device"
        },
        {
            "Name": "Portable Device Control device"
        },
        {
            "Name": "HID-compliant consumer control device"
        },
        {
            "Name": "HID-compliant mouse"
        },
        {
            "Name": "USB Input Device"
        },
        {
            "Name": "HID-compliant consumer control device"
        },
        {
            "Name": "HID-compliant consumer control device"
        },
        {
            "Name": "HID Keyboard Device"
        },
        {
            "Name": "HID-compliant consumer control device"
        },
        {
            "Name": "HID-compliant consumer control device"
        },
        {
            "Name": "HID-compliant consumer control device"
        },
        {
            "Name": "HID-compliant vendor-defined device"
        },
        {
            "Name": "HID-compliant consumer control device"
        },
        {
            "Name": "HID-compliant consumer control device"
        }
    ],
    "ip_address": "156.156.50.54",
    "cpu_load": 30,
    "adapters": [
        {
            "Interface": "Wi-Fi",
            "IP": "156.156.50.54"
        }
    ],
    "gpu_load_pct": 0,
    "ram_total_gb": 16,
    "os": "Windows 11 Home Single Language",
    "net_tx_bytes": 607828513,
    "cpu_serial": "BFEBFBFF000906A3",
    "gpu_primary": "NVIDIA GeForce RTX 2050 + Intel(R) UHD Graphics",
    "hostname": "CONTENT2_LAPTOP_POOJA",
    "gpu_vram_gb": 4,
    "cpu_name": "12th Gen Intel(R) Core(TM) i5-12450H",
    "ssd_used_pct": 70.4,
    "hdd_used_pct": 0.0
}