{
    "net_rx_bytes": 5720494611,
    "ram_used_pct": 80.2,
    "storage": [
        {
            "Used_Pct": 24.1,
            "Serial": "N/A",
            "DriveLetter": "C:",
            "Type": "SSD",
            "Model": "Local Fixed Disk",
            "Size": "464.9 GB"
        },
        {
            "Used_Pct": 60.6,
            "Serial": "N/A",
            "DriveLetter": "D:",
            "Type": "SSD",
            "Model": "Local Fixed Disk",
            "Size": "1863 GB"
        }
    ],
    "peripherals": [
        {
            "Name": "Generic USB Hub"
        },
        {
            "Name": "USB Input Device"
        },
        {
            "Name": "HID-compliant mouse"
        },
        {
            "Name": "HID-compliant consumer control device"
        },
        {
            "Name": "HID Keyboard Device"
        },
        {
            "Name": "USB Input Device"
        },
        {
            "Name": "USB Input Device"
        },
        {
            "Name": "HID-compliant consumer control device"
        },
        {
            "Name": "Standard PS/2 Keyboard"
        },
        {
            "Name": "Microsoft PS/2 Mouse"
        }
    ],
    "ip_address": "156.156.50.44",
    "cpu_load": 16,
    "adapters": [
        {
            "Interface": "Wi-Fi",
            "IP": "156.156.50.44"
        }
    ],
    "gpu_load_pct": 0,
    "ram_total_gb": 16,
    "os": "Windows 11 Pro",
    "net_tx_bytes": 3353331014,
    "cpu_serial": "BFEBFBFF00090675",
    "gpu_primary": "NVIDIA GeForce GT 1030",
    "hostname": "CONTENT7_PC",
    "gpu_vram_gb": 4,
    "cpu_name": "12th Gen Intel(R) Core(TM) i5-12400F",
    "ssd_used_pct": 24.1,
    "hdd_used_pct": 0.0
}