{
    "net_rx_bytes": 832083766,
    "ram_used_pct": 42.3,
    "storage": [
        {
            "Used_Pct": 38.5,
            "Serial": "N/A",
            "DriveLetter": "C:",
            "Type": "SSD",
            "Model": "Local Fixed Disk",
            "Size": "193.9 GB"
        },
        {
            "Used_Pct": 0.1,
            "Serial": "N/A",
            "DriveLetter": "D:",
            "Type": "SSD",
            "Model": "Local Fixed Disk",
            "Size": "244.1 GB"
        },
        {
            "Used_Pct": 0,
            "Serial": "N/A",
            "DriveLetter": "E:",
            "Type": "SSD",
            "Model": "Local Fixed Disk",
            "Size": "514.4 GB"
        }
    ],
    "peripherals": [
        {
            "Name": "USB Input Device"
        },
        {
            "Name": "HID Keyboard Device"
        },
        {
            "Name": "USB Input Device"
        },
        {
            "Name": "HID-compliant consumer control device"
        },
        {
            "Name": "Generic USB Hub"
        },
        {
            "Name": "HID-compliant mouse"
        },
        {
            "Name": "USB Input Device"
        }
    ],
    "ip_address": "156.156.40.53",
    "cpu_load": 13,
    "adapters": [
        {
            "Interface": "Ethernet",
            "IP": "156.156.40.53"
        }
    ],
    "gpu_load_pct": 0,
    "ram_total_gb": 16,
    "os": "Windows 11 Pro",
    "net_tx_bytes": 257318707,
    "cpu_serial": "BFEBFBFF00090675",
    "gpu_primary": "NVIDIA GeForce GT 610",
    "hostname": "CONTENT8_PC_VISHNUPRIYRA",
    "gpu_vram_gb": 2,
    "cpu_name": "12th Gen Intel(R) Core(TM) i5-12400F",
    "ssd_used_pct": 38.5,
    "hdd_used_pct": 0.0
}