{
    "net_rx_bytes": 513194045,
    "ram_used_pct": 44.4,
    "storage": [
        {
            "Used_Pct": 27,
            "Serial": "N/A",
            "DriveLetter": "C:",
            "Type": "SSD",
            "Model": "Local Fixed Disk",
            "Size": "237.6 GB"
        },
        {
            "Used_Pct": 62.6,
            "Serial": "N/A",
            "DriveLetter": "D:",
            "Type": "SSD",
            "Model": "Local Fixed Disk",
            "Size": "1863 GB"
        }
    ],
    "peripherals": [
        {
            "Name": "HID-compliant headset"
        },
        {
            "Name": "HID-compliant consumer control device"
        },
        {
            "Name": "HID Keyboard Device"
        },
        {
            "Name": "USB Input Device"
        },
        {
            "Name": "USB Input Device"
        },
        {
            "Name": "USB Input Device"
        },
        {
            "Name": "HID-compliant consumer control device"
        },
        {
            "Name": "USB Input Device"
        },
        {
            "Name": "Standard PS/2 Keyboard"
        },
        {
            "Name": "HID-compliant mouse"
        },
        {
            "Name": "Microsoft PS/2 Mouse"
        },
        {
            "Name": "HID-compliant consumer control device"
        }
    ],
    "ip_address": "156.156.40.62",
    "cpu_load": 32,
    "adapters": [
        {
            "Interface": "Ethernet",
            "IP": "156.156.40.62"
        }
    ],
    "gpu_load_pct": 0,
    "ram_total_gb": 16,
    "os": "Windows 11 Pro",
    "net_tx_bytes": 205680166,
    "cpu_serial": "BFEBFBFF000906EB",
    "gpu_primary": "Integrated Graphics",
    "hostname": "DESKTOP-9AUS6DF",
    "gpu_vram_gb": 0,
    "cpu_name": "Intel(R) Core(TM) i3-9100 CPU @ 3.60GHz",
    "ssd_used_pct": 27.0,
    "hdd_used_pct": 0.0
}