{
    "net_rx_bytes": 35970323116,
    "ram_used_pct": 12.3,
    "storage": [
        {
            "Used_Pct": 68.6,
            "Serial": "N/A",
            "DriveLetter": "C:",
            "Type": "SSD",
            "Model": "Local Fixed Disk",
            "Size": "590.6 GB"
        },
        {
            "Used_Pct": 17.5,
            "Serial": "N/A",
            "DriveLetter": "E:",
            "Type": "SSD",
            "Model": "Local Fixed Disk",
            "Size": "585.9 GB"
        },
        {
            "Used_Pct": 70.2,
            "Serial": "N/A",
            "DriveLetter": "G:",
            "Type": "SSD",
            "Model": "Local Fixed Disk",
            "Size": "590.6 GB"
        }
    ],
    "peripherals": [
        {
            "Name": "USB4 Root Router (1.0)"
        },
        {
            "Name": "Intel(R) HID Event Filter"
        },
        {
            "Name": "HID-compliant Optical Wheel Mouse"
        },
        {
            "Name": "HID-compliant consumer control device"
        },
        {
            "Name": "HID Keyboard Device"
        },
        {
            "Name": "HID-compliant consumer control device"
        },
        {
            "Name": "HID Button over Interrupt Driver"
        },
        {
            "Name": "HID-compliant touch pad"
        },
        {
            "Name": "Converted Portable Device Control device"
        },
        {
            "Name": "HID-compliant consumer control device"
        },
        {
            "Name": "HID-compliant vendor-defined device"
        },
        {
            "Name": "HID-compliant headset"
        },
        {
            "Name": "HID-compliant vendor-defined device"
        },
        {
            "Name": "I2C HID Device"
        },
        {
            "Name": "HID-compliant wireless radio controls"
        },
        {
            "Name": "HID Keyboard Device"
        },
        {
            "Name": "HID-compliant consumer control device"
        },
        {
            "Name": "Microsoft Input Configuration Device"
        },
        {
            "Name": "USB Input Device"
        },
        {
            "Name": "USB4(TM) Host Router (Microsoft)"
        },
        {
            "Name": "USB Input Device"
        },
        {
            "Name": "HID-compliant wireless radio controls"
        },
        {
            "Name": "HID-compliant consumer control device"
        },
        {
            "Name": "HID-compliant consumer control device"
        },
        {
            "Name": "USB Input Device"
        },
        {
            "Name": "HID-compliant vendor-defined device"
        },
        {
            "Name": "USB Input Device"
        },
        {
            "Name": "HID-compliant consumer control device"
        },
        {
            "Name": "USB Input Device"
        },
        {
            "Name": "SteelSeries Gaming Keyboard"
        },
        {
            "Name": "HID Keyboard Device"
        },
        {
            "Name": "HID-compliant mouse"
        },
        {
            "Name": "SteelSeries PS/2 Keyboard"
        },
        {
            "Name": "USB Input Device"
        },
        {
            "Name": "HID-compliant vendor-defined device"
        },
        {
            "Name": "HID-compliant consumer control device"
        },
        {
            "Name": "Portable Device Control device"
        },
        {
            "Name": "USB Input Device"
        },
        {
            "Name": "HID-compliant consumer control device"
        },
        {
            "Name": "USB Input Device"
        },
        {
            "Name": "USB Input Device"
        },
        {
            "Name": "HID-compliant consumer control device"
        },
        {
            "Name": "HID-compliant consumer control device"
        },
        {
            "Name": "HID Keyboard Device"
        },
        {
            "Name": "HID-compliant consumer control device"
        },
        {
            "Name": "HID-compliant mouse"
        },
        {
            "Name": "Generic USB Hub"
        },
        {
            "Name": "HID-compliant consumer control device"
        }
    ],
    "ip_address": "156.156.50.20",
    "cpu_load": 13,
    "adapters": [
        {
            "Interface": "Wi-Fi",
            "IP": "156.156.50.20"
        }
    ],
    "gpu_load_pct": 0,
    "ram_total_gb": 64,
    "os": "Windows 11 Pro",
    "net_tx_bytes": 93852617289,
    "cpu_serial": "BFEBFBFF000A06A4",
    "gpu_primary": "Intel(R) Arc(TM) Graphics + NVIDIA GeForce RTX 4080 Laptop GPU",
    "hostname": "EDITOR2_LAPTOP_VEER",
    "gpu_vram_gb": 4,
    "cpu_name": "Intel(R) Core(TM) Ultra 9 185H",
    "ssd_used_pct": 68.6,
    "hdd_used_pct": 0.0
}