{
    "net_rx_bytes": 1805449321,
    "ram_used_pct": 34,
    "storage": [
        {
            "Used_Pct": 49.1,
            "Serial": "N/A",
            "DriveLetter": "C:",
            "Type": "SSD",
            "Model": "Local Fixed Disk",
            "Size": "930.5 GB"
        },
        {
            "Used_Pct": 82,
            "Serial": "N/A",
            "DriveLetter": "D:",
            "Type": "SSD",
            "Model": "Local Fixed Disk",
            "Size": "931.5 GB"
        },
        {
            "Used_Pct": 60.6,
            "Serial": "N/A",
            "DriveLetter": "E:",
            "Type": "SSD",
            "Model": "Local Fixed Disk",
            "Size": "1863 GB"
        }
    ],
    "peripherals": [
        {
            "Name": "Generic USB Hub"
        },
        {
            "Name": "HID Keyboard Device"
        },
        {
            "Name": "Generic SuperSpeed USB Hub"
        },
        {
            "Name": "HID-compliant vendor-defined device"
        },
        {
            "Name": "HID-compliant vendor-defined device"
        },
        {
            "Name": "HID-compliant consumer control device"
        },
        {
            "Name": "HID-compliant mouse"
        },
        {
            "Name": "USB Input Device"
        },
        {
            "Name": "HID-compliant device"
        },
        {
            "Name": "USB Input Device"
        },
        {
            "Name": "USB Input Device"
        }
    ],
    "ip_address": "156.156.40.75",
    "cpu_load": 1,
    "adapters": [
        {
            "Interface": "Ethernet",
            "IP": "156.156.40.75"
        }
    ],
    "gpu_load_pct": 0,
    "ram_total_gb": 32,
    "os": "Windows 11 Pro",
    "net_tx_bytes": 2064869641,
    "cpu_serial": "178BFBFF00A60F12",
    "gpu_primary": "AMD Radeon(TM) Graphics + NVIDIA GeForce RTX 5070",
    "hostname": "EDITOR6_PC",
    "gpu_vram_gb": 4.5,
    "cpu_name": "AMD Ryzen 9 7900X3D 12-Core Processor",
    "ssd_used_pct": 49.1,
    "hdd_used_pct": 0.0
}