{
    "net_rx_bytes": 1465430674,
    "ram_used_pct": 84.3,
    "storage": [
        {
            "Used_Pct": 57.3,
            "Serial": "N/A",
            "DriveLetter": "C:",
            "Type": "SSD",
            "Model": "Local Fixed Disk",
            "Size": "930.6 GB"
        },
        {
            "Used_Pct": 60.6,
            "Serial": "N/A",
            "DriveLetter": "D:",
            "Type": "SSD",
            "Model": "Local Fixed Disk",
            "Size": "1863 GB"
        }
    ],
    "peripherals": [
        {
            "Name": "HID-compliant consumer control device"
        },
        {
            "Name": "HID Keyboard Device"
        },
        {
            "Name": "USB Input Device"
        },
        {
            "Name": "HID-compliant headset"
        },
        {
            "Name": "HID-compliant device"
        },
        {
            "Name": "HID-compliant mouse"
        },
        {
            "Name": "Generic SuperSpeed USB Hub"
        },
        {
            "Name": "Generic USB Hub"
        },
        {
            "Name": "USB Input Device"
        },
        {
            "Name": "USB Input Device"
        },
        {
            "Name": "HID-compliant consumer control device"
        },
        {
            "Name": "HID-compliant consumer control device"
        },
        {
            "Name": "USB Input Device"
        },
        {
            "Name": "USB Input Device"
        }
    ],
    "ip_address": "156.156.40.77",
    "cpu_load": 2,
    "adapters": [
        {
            "Interface": "Ethernet",
            "IP": "156.156.40.77"
        }
    ],
    "gpu_load_pct": 0,
    "ram_total_gb": 32,
    "os": "Windows 11 Pro",
    "net_tx_bytes": 311069248,
    "cpu_serial": "178BFBFF00A60F12",
    "gpu_primary": "AMD Radeon(TM) Graphics + NVIDIA GeForce RTX 5060",
    "hostname": "EDITOR7_PC",
    "gpu_vram_gb": 4.5,
    "cpu_name": "AMD Ryzen 5 7600X 6-Core Processor",
    "ssd_used_pct": 57.3,
    "hdd_used_pct": 0.0
}