{
    "net_rx_bytes": 1861077252,
    "ram_used_pct": 30,
    "storage": [
        {
            "Used_Pct": 56.7,
            "Serial": "N/A",
            "DriveLetter": "C:",
            "Type": "SSD",
            "Model": "Local Fixed Disk",
            "Size": "435.1 GB"
        },
        {
            "Used_Pct": 44.5,
            "Serial": "N/A",
            "DriveLetter": "D:",
            "Type": "SSD",
            "Model": "Local Fixed Disk",
            "Size": "1075.6 GB"
        },
        {
            "Used_Pct": 11.6,
            "Serial": "N/A",
            "DriveLetter": "E:",
            "Type": "SSD",
            "Model": "Local Fixed Disk",
            "Size": "351.6 GB"
        }
    ],
    "peripherals": [
        {
            "Name": "HID-compliant consumer control device"
        },
        {
            "Name": "HID-compliant headset"
        },
        {
            "Name": "HID-compliant device"
        },
        {
            "Name": "Bluetooth Low Energy GATT compliant HID device"
        },
        {
            "Name": "Logitech USB Input Device"
        },
        {
            "Name": "USB Input Device"
        },
        {
            "Name": "USB Input Device"
        },
        {
            "Name": "HID-compliant vendor-defined device"
        },
        {
            "Name": "HID-compliant device"
        },
        {
            "Name": "USB Input Device"
        },
        {
            "Name": "USB Input Device"
        },
        {
            "Name": "Generic USB Hub"
        },
        {
            "Name": "HID-compliant vendor-defined device"
        },
        {
            "Name": "HID-compliant vendor-defined device"
        },
        {
            "Name": "HID-compliant vendor-defined device"
        },
        {
            "Name": "HID Keyboard Device"
        },
        {
            "Name": "USB Input Device"
        },
        {
            "Name": "HID-compliant touch pad"
        },
        {
            "Name": "HID-compliant consumer control device"
        },
        {
            "Name": "USB Input Device"
        },
        {
            "Name": "HID-compliant mouse"
        },
        {
            "Name": "HID-compliant mouse"
        },
        {
            "Name": "HID Keyboard Device"
        },
        {
            "Name": "HID-compliant consumer control device"
        },
        {
            "Name": "USB Input Device"
        }
    ],
    "ip_address": "156.156.40.64",
    "cpu_load": 7,
    "adapters": [
        {
            "Interface": "Ethernet",
            "IP": "156.156.40.64"
        }
    ],
    "gpu_load_pct": 0,
    "ram_total_gb": 64,
    "os": "Windows 11 Pro",
    "net_tx_bytes": 851718166,
    "cpu_serial": "BFEBFBFF000B0671",
    "gpu_primary": "Intel(R) UHD Graphics 770 + NVIDIA GeForce RTX 5060 Ti",
    "hostname": "GRAPHICDESIGNER",
    "gpu_vram_gb": 4,
    "cpu_name": "Intel(R) Core(TM) i7-14700K",
    "ssd_used_pct": 56.7,
    "hdd_used_pct": 0.0
}