{
    "net_rx_bytes": 140595997739,
    "ram_used_pct": 35.5,
    "storage": [
        {
            "Used_Pct": 88.5,
            "Serial": "N/A",
            "DriveLetter": "C:",
            "Type": "SSD",
            "Model": "Local Fixed Disk",
            "Size": "237.6 GB"
        }
    ],
    "peripherals": [
        {
            "Name": "HID-compliant consumer control device"
        },
        {
            "Name": "HID-compliant mouse"
        },
        {
            "Name": "USB Input Device"
        },
        {
            "Name": "USB Input Device"
        },
        {
            "Name": "USB Input Device"
        },
        {
            "Name": "Standard PS/2 Keyboard"
        },
        {
            "Name": "HID Keyboard Device"
        },
        {
            "Name": "Microsoft PS/2 Mouse"
        }
    ],
    "ip_address": "156.156.40.91",
    "cpu_load": 5,
    "adapters": [
        {
            "Interface": "Ethernet",
            "IP": "156.156.40.91"
        }
    ],
    "gpu_load_pct": 0,
    "ram_total_gb": 8,
    "os": "Windows 11 Pro",
    "net_tx_bytes": 29857238880,
    "cpu_serial": "BFEBFBFF000906EB",
    "gpu_primary": "Intel(R) UHD Graphics 630",
    "hostname": "SSM3_PC",
    "gpu_vram_gb": 0,
    "cpu_name": "Intel(R) Core(TM) i3-9100 CPU @ 3.60GHz",
    "ssd_used_pct": 88.5,
    "hdd_used_pct": 0.0
}