{
    "net_rx_bytes": 1538561,
    "ram_used_pct": 78.5,
    "storage": [
        {
            "Used_Pct": 86.7,
            "Serial": "N/A",
            "DriveLetter": "C:",
            "Type": "SSD",
            "Model": "Local Fixed Disk",
            "Size": "237.5 GB"
        }
    ],
    "peripherals": [
        {
            "Name": "HID-compliant vendor-defined device"
        },
        {
            "Name": "Generic USB Hub"
        },
        {
            "Name": "HID Keyboard Device"
        },
        {
            "Name": "Generic SuperSpeed USB Hub"
        },
        {
            "Name": "HID-compliant vendor-defined device"
        },
        {
            "Name": "HID-compliant pen"
        },
        {
            "Name": "HID-compliant mouse"
        },
        {
            "Name": "Generic SuperSpeed USB Hub"
        },
        {
            "Name": "HID-compliant phone"
        },
        {
            "Name": "Generic SuperSpeed USB Hub"
        },
        {
            "Name": "Generic SuperSpeed USB Hub"
        },
        {
            "Name": "HID-compliant pen"
        },
        {
            "Name": "USB Input Device"
        },
        {
            "Name": "HID-compliant touch screen"
        },
        {
            "Name": "USB Input Device"
        },
        {
            "Name": "HID-compliant consumer control device"
        },
        {
            "Name": "Generic USB Hub"
        },
        {
            "Name": "Generic USB Hub"
        },
        {
            "Name": "HID-compliant vendor-defined device"
        },
        {
            "Name": "HID-compliant touch screen"
        },
        {
            "Name": "Generic USB Hub"
        },
        {
            "Name": "Generic USB Hub"
        },
        {
            "Name": "Microsoft Input Configuration Device"
        }
    ],
    "ip_address": "156.156.10.30",
    "cpu_load": 1,
    "adapters": [
        {
            "Interface": "Ethernet",
            "IP": "156.156.10.30"
        }
    ],
    "gpu_load_pct": 0,
    "ram_total_gb": 8,
    "os": "Windows 11 Pro",
    "net_tx_bytes": 364921,
    "cpu_serial": "BFEBFBFF000906A3",
    "gpu_primary": "Intel(R) UHD Graphics",
    "hostname": "STU1_IFP",
    "gpu_vram_gb": 0,
    "cpu_name": "12th Gen Intel(R) Core(TM) i5-12450H",
    "ssd_used_pct": 86.7,
    "hdd_used_pct": 0.0
}