{
    "net_rx_bytes": 93812655,
    "ram_used_pct": 18.5,
    "storage": [
        {
            "Used_Pct": 38.3,
            "Serial": "N/A",
            "DriveLetter": "C:",
            "Type": "SSD",
            "Model": "Local Fixed Disk",
            "Size": "930.7 GB"
        },
        {
            "Used_Pct": 62.6,
            "Serial": "N/A",
            "DriveLetter": "D:",
            "Type": "SSD",
            "Model": "Local Fixed Disk",
            "Size": "1863 GB"
        },
        {
            "Used_Pct": 41.3,
            "Serial": "N/A",
            "DriveLetter": "G:",
            "Type": "SSD",
            "Model": "Local Fixed Disk",
            "Size": "930.7 GB"
        }
    ],
    "peripherals": [
        {
            "Name": "HID-compliant vendor-defined device"
        },
        {
            "Name": "USB Input Device"
        },
        {
            "Name": "HID-compliant vendor-defined device"
        },
        {
            "Name": "USB Input Device"
        },
        {
            "Name": "HID-compliant mouse"
        },
        {
            "Name": "HID-compliant vendor-defined device"
        },
        {
            "Name": "HID-compliant consumer control device"
        },
        {
            "Name": "USB Input Device"
        },
        {
            "Name": "HID Keyboard Device"
        },
        {
            "Name": "USB Input Device"
        },
        {
            "Name": "USB Input Device"
        },
        {
            "Name": "HID Keyboard Device"
        },
        {
            "Name": "HID-compliant vendor-defined device"
        }
    ],
    "ip_address": "156.156.10.25",
    "cpu_load": 24,
    "adapters": [
        {
            "Interface": "Ethernet",
            "IP": "156.156.10.25"
        }
    ],
    "gpu_load_pct": 0,
    "ram_total_gb": 32,
    "os": "Windows 11 Pro",
    "net_tx_bytes": 590313456,
    "cpu_serial": "178BFBFF00A60F12",
    "gpu_primary": "NVIDIA GeForce RTX 5060 + AMD Radeon(TM) Graphics",
    "hostname": "STU10_PC",
    "gpu_vram_gb": 4.5,
    "cpu_name": "AMD Ryzen 5 7600X 6-Core Processor",
    "ssd_used_pct": 38.3,
    "hdd_used_pct": 0.0
}