{
    "net_rx_bytes": 641357317,
    "ram_used_pct": 18.8,
    "storage": [
        {
            "Used_Pct": 61.5,
            "Serial": "N/A",
            "DriveLetter": "C:",
            "Type": "SSD",
            "Model": "Local Fixed Disk",
            "Size": "930.6 GB"
        },
        {
            "Used_Pct": 63.5,
            "Serial": "N/A",
            "DriveLetter": "G:",
            "Type": "SSD",
            "Model": "Local Fixed Disk",
            "Size": "930.6 GB"
        },
        {
            "Used_Pct": 63.5,
            "Serial": "N/A",
            "DriveLetter": "J:",
            "Type": "SSD",
            "Model": "Local Fixed Disk",
            "Size": "930.6 GB"
        }
    ],
    "peripherals": [
        {
            "Name": "HID Keyboard Device"
        },
        {
            "Name": "HID-compliant consumer control device"
        },
        {
            "Name": "USB Input Device"
        },
        {
            "Name": "HID-compliant vendor-defined device"
        },
        {
            "Name": "HID Keyboard Device"
        },
        {
            "Name": "HID-compliant device"
        },
        {
            "Name": "HID-compliant vendor-defined device"
        },
        {
            "Name": "USB Input Device"
        },
        {
            "Name": "USB Input Device"
        },
        {
            "Name": "USB Input Device"
        },
        {
            "Name": "Generic USB Hub"
        },
        {
            "Name": "HID-compliant vendor-defined device"
        },
        {
            "Name": "HID-compliant mouse"
        },
        {
            "Name": "USB Input Device"
        }
    ],
    "ip_address": "156.156.10.37",
    "cpu_load": 6,
    "adapters": [
        {
            "Interface": "Ethernet",
            "IP": "156.156.10.37"
        }
    ],
    "gpu_load_pct": 0,
    "ram_total_gb": 32,
    "os": "Windows 11 Pro",
    "net_tx_bytes": 2327131548,
    "cpu_serial": "BFEBFBFF000B06F2",
    "gpu_primary": "NVIDIA GeForce RTX 3070 Ti",
    "hostname": "STU5_PC",
    "gpu_vram_gb": 4,
    "cpu_name": "Intel(R) Core(TM) i5-14400",
    "ssd_used_pct": 61.5,
    "hdd_used_pct": 0.0
}