{
    "net_rx_bytes": 84453882,
    "ram_used_pct": 72.8,
    "storage": [
        {
            "Used_Pct": 76.3,
            "Serial": "N/A",
            "DriveLetter": "C:",
            "Type": "SSD",
            "Model": "Local Fixed Disk",
            "Size": "238.4 GB"
        },
        {
            "Used_Pct": 0.1,
            "Serial": "N/A",
            "DriveLetter": "D:",
            "Type": "SSD",
            "Model": "Local Fixed Disk",
            "Size": "931.5 GB"
        },
        {
            "Used_Pct": 62.6,
            "Serial": "N/A",
            "DriveLetter": "E:",
            "Type": "SSD",
            "Model": "Local Fixed Disk",
            "Size": "1863 GB"
        }
    ],
    "peripherals": [
        {
            "Name": "HID-compliant pen"
        },
        {
            "Name": "HID-compliant mouse"
        },
        {
            "Name": "HID-compliant vendor-defined device"
        },
        {
            "Name": "HID-compliant touch screen"
        },
        {
            "Name": "HID-compliant pen"
        },
        {
            "Name": "Generic USB Hub"
        },
        {
            "Name": "Generic USB Hub"
        },
        {
            "Name": "USB Input Device"
        },
        {
            "Name": "HID-compliant pen"
        },
        {
            "Name": "Microsoft Input Configuration Device"
        },
        {
            "Name": "Generic USB Hub"
        },
        {
            "Name": "USB Input Device"
        },
        {
            "Name": "Generic SuperSpeed USB Hub"
        },
        {
            "Name": "Generic USB Hub"
        },
        {
            "Name": "HID-compliant pen"
        },
        {
            "Name": "Generic SuperSpeed USB Hub"
        },
        {
            "Name": "HID-compliant pen"
        },
        {
            "Name": "Generic SuperSpeed USB Hub"
        },
        {
            "Name": "Generic USB Hub"
        }
    ],
    "ip_address": "156.156.10.23",
    "cpu_load": 9,
    "adapters": [
        {
            "Interface": "Ethernet 4",
            "IP": "169.254.181.12"
        },
        {
            "Interface": "Ethernet",
            "IP": "156.156.10.23"
        }
    ],
    "gpu_load_pct": 0,
    "ram_total_gb": 8,
    "os": "Windows 11 Pro",
    "net_tx_bytes": 1956457,
    "cpu_serial": "BFEBFBFF000906A3",
    "gpu_primary": "Intel(R) UHD Graphics",
    "hostname": "STU7_IFP",
    "gpu_vram_gb": 0,
    "cpu_name": "12th Gen Intel(R) Core(TM) i5-12450H",
    "ssd_used_pct": 76.3,
    "hdd_used_pct": 0.0
}