{
    "net_rx_bytes": 364479514,
    "ram_used_pct": 20.8,
    "storage": [
        {
            "Used_Pct": 42.3,
            "Serial": "N/A",
            "DriveLetter": "C:",
            "Type": "SSD",
            "Model": "Local Fixed Disk",
            "Size": "125.1 GB"
        }
    ],
    "peripherals": [
        {
            "Name": "HID-compliant mouse"
        },
        {
            "Name": "HID-compliant headset"
        },
        {
            "Name": "USB Input Device"
        },
        {
            "Name": "USB Input Device"
        },
        {
            "Name": "HID-compliant consumer control device"
        },
        {
            "Name": "HID Keyboard Device"
        },
        {
            "Name": "USB Input Device"
        },
        {
            "Name": "USB Input Device"
        },
        {
            "Name": "Standard PS/2 Keyboard"
        },
        {
            "Name": "Microsoft PS/2 Mouse"
        },
        {
            "Name": "HID-compliant consumer control device"
        },
        {
            "Name": "HID-compliant consumer control device"
        }
    ],
    "ip_address": "156.156.40.58",
    "cpu_load": 6,
    "adapters": [
        {
            "Interface": "Ethernet",
            "IP": "156.156.40.58"
        }
    ],
    "gpu_load_pct": 0,
    "ram_total_gb": 8,
    "os": "Windows 11 Pro",
    "net_tx_bytes": 133178094,
    "cpu_serial": "BFEBFBFF000906EB",
    "gpu_primary": "Intel(R) UHD Graphics 630",
    "hostname": "SUP1PC1",
    "gpu_vram_gb": 0,
    "cpu_name": "Intel(R) Core(TM) i3-9100T CPU @ 3.10GHz",
    "ssd_used_pct": 42.3,
    "hdd_used_pct": 0.0
}