{
    "net_rx_bytes": 348465678,
    "ram_used_pct": 30.3,
    "storage": [
        {
            "Used_Pct": 27.9,
            "Serial": "N/A",
            "DriveLetter": "C:",
            "Type": "SSD",
            "Model": "Local Fixed Disk",
            "Size": "222.8 GB"
        }
    ],
    "peripherals": [
        {
            "Name": "HID-compliant headset"
        },
        {
            "Name": "HID-compliant consumer control device"
        },
        {
            "Name": "HID-compliant consumer control device"
        },
        {
            "Name": "USB Input Device"
        },
        {
            "Name": "USB Input Device"
        },
        {
            "Name": "USB Input Device"
        },
        {
            "Name": "USB Input Device"
        },
        {
            "Name": "Standard PS/2 Keyboard"
        },
        {
            "Name": "Microsoft PS/2 Mouse"
        },
        {
            "Name": "HID Keyboard Device"
        },
        {
            "Name": "HID-compliant mouse"
        },
        {
            "Name": "HID-compliant consumer control device"
        }
    ],
    "ip_address": "156.156.40.117",
    "cpu_load": 3,
    "adapters": [
        {
            "Interface": "Ethernet",
            "IP": "156.156.40.117"
        }
    ],
    "gpu_load_pct": 0,
    "ram_total_gb": 8,
    "os": "Windows 11 Pro",
    "net_tx_bytes": 207912836,
    "cpu_serial": "BFEBFBFF000906EB",
    "gpu_primary": "Intel(R) UHD Graphics 630",
    "hostname": "SUP1PC2",
    "gpu_vram_gb": 0,
    "cpu_name": "Intel(R) Core(TM) i3-9100T CPU @ 3.10GHz",
    "ssd_used_pct": 27.9,
    "hdd_used_pct": 0.0
}