{
    "net_rx_bytes": 318610203,
    "ram_used_pct": 53.2,
    "storage": [
        {
            "Used_Pct": 28.1,
            "Serial": "N/A",
            "DriveLetter": "C:",
            "Type": "SSD",
            "Model": "Local Fixed Disk",
            "Size": "237.6 GB"
        }
    ],
    "peripherals": [
        {
            "Name": "HID-compliant headset"
        },
        {
            "Name": "HID Keyboard Device"
        },
        {
            "Name": "USB Input Device"
        },
        {
            "Name": "HID-compliant consumer control device"
        },
        {
            "Name": "USB Input Device"
        },
        {
            "Name": "USB Input Device"
        },
        {
            "Name": "USB Input Device"
        },
        {
            "Name": "HID-compliant mouse"
        },
        {
            "Name": "Standard PS/2 Keyboard"
        },
        {
            "Name": "Microsoft PS/2 Mouse"
        },
        {
            "Name": "HID-compliant consumer control device"
        }
    ],
    "ip_address": "156.156.20.117",
    "cpu_load": 14,
    "adapters": [
        {
            "Interface": "Ethernet",
            "IP": "156.156.20.117"
        }
    ],
    "gpu_load_pct": 0,
    "ram_total_gb": 8,
    "os": "Windows 11 Pro",
    "net_tx_bytes": 71064537,
    "cpu_serial": "BFEBFBFF000A0653",
    "gpu_primary": "Intel(R) UHD Graphics 630",
    "hostname": "SUP1PC11",
    "gpu_vram_gb": 0,
    "cpu_name": "Intel(R) Core(TM) i3-10100T CPU @ 3.00GHz",
    "ssd_used_pct": 28.1,
    "hdd_used_pct": 0.0
}