{
    "hostname": "SUPPORT-PC1-H310MHP",
    "ip_address": "156.156.20.133",
    "os": "Ubuntu 24.04.2 LTS",
    "cpu_name": "Intel(R) Core(TM) i3-9100 CPU @ 3.60GHz Intel(R) Core(TM) i3-9100 CPU @ 3.60GHz To Be Filled By O.E.M. CPU @ 3.6GHz",
    "cpu_serial": "N/A",
    "ram_total_gb": 7,
    "ram_used_pct": 70.3,
    "cpu_load": 7.1,
    "gpu_primary": "Intel Corporation CoffeeLake-S GT2 [UHD Graphics 630]",
    "gpu_load_pct": 0.0,
    "net_rx_bytes": 201587691,
    "net_tx_bytes": 54829126,
    "storage": [
        {
            "Model": "Drive C:",
            "Type": "SSD",
            "Size": "218G",
            "Used_Pct": 14
        },
        {
            "Model": "Drive /boot/efi",
            "Type": "SSD",
            "Size": "1.1G",
            "Used_Pct": 1
        },
        {
            "Model": "Drive /media/support-pc1/Extreme",
            "Type": "SSD",
            "Size": "1.9T",
            "Used_Pct": 63
        }
    ],
    "gpus": [
        {
            "Model": "Intel Corporation CoffeeLake-S GT2 [UHD Graphics 630]",
            "Load_Pct": 0.0
        }
    ],
    "adapters": [
        {
            "Interface": "enp1s0",
            "IP": "156.156.20.133"
        },
        {
            "Interface": "wlp2s0",
            "IP": "156.156.20.134"
        }
    ],
    "peripherals": [
        "ID 1d6b ID 1532 ID 046d ID 046d ID 0781 ID 1d6b"
    ],
    "ssd_used_pct": 0.0,
    "hdd_used_pct": 0.0
}