{
    "net_rx_bytes": 112096296,
    "ram_used_pct": 29.8,
    "storage": [
        {
            "Used_Pct": 23.9,
            "Serial": "N/A",
            "DriveLetter": "C:",
            "Type": "SSD",
            "Model": "Local Fixed Disk",
            "Size": "237.5 GB"
        }
    ],
    "peripherals": [
        {
            "Name": "USB Input Device"
        },
        {
            "Name": "USB Input Device"
        },
        {
            "Name": "USB Input Device"
        },
        {
            "Name": "HID Keyboard Device"
        },
        {
            "Name": "Standard PS/2 Keyboard"
        },
        {
            "Name": "HID-compliant mouse"
        },
        {
            "Name": "Microsoft PS/2 Mouse"
        },
        {
            "Name": "HID-compliant consumer control device"
        }
    ],
    "ip_address": "156.156.50.41",
    "cpu_load": 15,
    "adapters": [
        {
            "Interface": "Wi-Fi",
            "IP": "156.156.50.41"
        }
    ],
    "gpu_load_pct": 0,
    "ram_total_gb": 8,
    "os": "Windows 11 Pro",
    "net_tx_bytes": 7160241,
    "cpu_serial": "BFEBFBFF000906EB",
    "gpu_primary": "Integrated Graphics",
    "hostname": "TEACHER4_PC",
    "gpu_vram_gb": 0,
    "cpu_name": "Intel(R) Core(TM) i3-9100 CPU @ 3.60GHz",
    "ssd_used_pct": 23.9,
    "hdd_used_pct": 0.0
}