{
    "net_rx_bytes": 99717050,
    "ram_used_pct": 48.5,
    "storage": [
        {
            "Used_Pct": 25.2,
            "Serial": "N/A",
            "DriveLetter": "C:",
            "Type": "SSD",
            "Model": "Local Fixed Disk",
            "Size": "237.6 GB"
        }
    ],
    "peripherals": [
        {
            "Name": "USB Input Device"
        },
        {
            "Name": "USB Input Device"
        },
        {
            "Name": "USB Input Device"
        },
        {
            "Name": "HID-compliant mouse"
        },
        {
            "Name": "HID Keyboard Device"
        },
        {
            "Name": "Standard PS/2 Keyboard"
        },
        {
            "Name": "Microsoft PS/2 Mouse"
        },
        {
            "Name": "HID-compliant consumer control device"
        }
    ],
    "ip_address": "156.156.10.36",
    "cpu_load": 13,
    "adapters": [
        {
            "Interface": "Ethernet",
            "IP": "156.156.10.36"
        }
    ],
    "gpu_load_pct": 0,
    "ram_total_gb": 8,
    "os": "Windows 11 Pro",
    "net_tx_bytes": 10813167,
    "cpu_serial": "BFEBFBFF000906EB",
    "gpu_primary": "Intel(R) UHD Graphics 630",
    "hostname": "TEACHER3_PC",
    "gpu_vram_gb": 0,
    "cpu_name": "Intel(R) Core(TM) i3-9100 CPU @ 3.60GHz",
    "ssd_used_pct": 25.2,
    "hdd_used_pct": 0.0
}