{
    "net_rx_bytes": 160716631,
    "ram_used_pct": 41.4,
    "storage": [
        {
            "Used_Pct": 25.1,
            "Serial": "N/A",
            "DriveLetter": "C:",
            "Type": "SSD",
            "Model": "Local Fixed Disk",
            "Size": "237.5 GB"
        }
    ],
    "peripherals": [
        {
            "Name": "USB Input Device"
        },
        {
            "Name": "USB Input Device"
        },
        {
            "Name": "HID Keyboard Device"
        },
        {
            "Name": "USB Input Device"
        },
        {
            "Name": "HID-compliant consumer control device"
        },
        {
            "Name": "Standard PS/2 Keyboard"
        },
        {
            "Name": "Microsoft PS/2 Mouse"
        },
        {
            "Name": "HID-compliant mouse"
        }
    ],
    "ip_address": "156.156.50.55",
    "cpu_load": 9,
    "adapters": [
        {
            "Interface": "Ethernet",
            "IP": "156.156.50.55"
        }
    ],
    "gpu_load_pct": 0,
    "ram_total_gb": 8,
    "os": "Windows 11 Pro",
    "net_tx_bytes": 3042357,
    "cpu_serial": "BFEBFBFF000906EB",
    "gpu_primary": "Integrated Graphics",
    "hostname": "TEACHER1_PC",
    "gpu_vram_gb": 0,
    "cpu_name": "Intel(R) Core(TM) i3-9100 CPU @ 3.60GHz",
    "ssd_used_pct": 25.1,
    "hdd_used_pct": 0.0
}