{
    "net_rx_bytes": 15533447690,
    "ram_used_pct": 47.4,
    "storage": [
        {
            "Used_Pct": 36,
            "Serial": "N/A",
            "DriveLetter": "C:",
            "Type": "SSD",
            "Model": "Local Fixed Disk",
            "Size": "1058.7 GB"
        },
        {
            "Used_Pct": 83.2,
            "Serial": "N/A",
            "DriveLetter": "D:",
            "Type": "SSD",
            "Model": "Local Fixed Disk",
            "Size": "803.7 GB"
        }
    ],
    "peripherals": [
        {
            "Name": "USB Input Device"
        },
        {
            "Name": "USB Input Device"
        },
        {
            "Name": "HID-compliant wireless radio controls"
        },
        {
            "Name": "HID-compliant consumer control device"
        },
        {
            "Name": "HID-compliant consumer control device"
        },
        {
            "Name": "HID-compliant vendor-defined device"
        },
        {
            "Name": "HID-compliant consumer control device"
        },
        {
            "Name": "HID-compliant Optical Wheel Mouse"
        },
        {
            "Name": "HID-compliant vendor-defined device"
        },
        {
            "Name": "HID-compliant headset"
        },
        {
            "Name": "HID-compliant consumer control device"
        },
        {
            "Name": "HID-compliant consumer control device"
        },
        {
            "Name": "Realtek UcmCx Client Device"
        },
        {
            "Name": "Portable Device Control device"
        },
        {
            "Name": "HID-compliant consumer control device"
        },
        {
            "Name": "HID-compliant consumer control device"
        },
        {
            "Name": "Generic USB Hub"
        },
        {
            "Name": "Converted Portable Device Control device"
        },
        {
            "Name": "HID-compliant vendor-defined device"
        },
        {
            "Name": "HID Keyboard Device"
        },
        {
            "Name": "HID-compliant consumer control device"
        },
        {
            "Name": "USB Input Device"
        },
        {
            "Name": "USB Input Device"
        },
        {
            "Name": "Intel(R) HID Event Filter"
        },
        {
            "Name": "HID Keyboard Device"
        },
        {
            "Name": "HID-compliant consumer control device"
        },
        {
            "Name": "USB4(TM) Host Router (Microsoft)"
        },
        {
            "Name": "HID-compliant consumer control device"
        },
        {
            "Name": "USB Input Device"
        },
        {
            "Name": "HID Keyboard Device"
        },
        {
            "Name": "HID-compliant vendor-defined device"
        },
        {
            "Name": "HID-compliant consumer control device"
        },
        {
            "Name": "USB4 Root Router (1.0)"
        },
        {
            "Name": "HID-compliant consumer control device"
        }
    ],
    "ip_address": "156.156.40.70",
    "cpu_load": 82,
    "adapters": [
        {
            "Interface": "Ethernet",
            "IP": "156.156.40.70"
        }
    ],
    "gpu_load_pct": 0,
    "ram_total_gb": 64,
    "os": "Windows 11 Pro",
    "net_tx_bytes": 14115162837,
    "cpu_serial": "BFEBFBFF000C0662",
    "gpu_primary": "Intel(R) Graphics + NVIDIA GeForce RTX 5080",
    "hostname": "VAIBHAVSONI",
    "gpu_vram_gb": 4,
    "cpu_name": "Intel(R) Core(TM) Ultra 9 285K",
    "ssd_used_pct": 36.0,
    "hdd_used_pct": 0.0
}